Watching for file changes with StatReloader
Not Found: /
[09/Apr/2020 08:41:47] "GET / HTTP/1.1" 404 2039
Not Found: /favicon.ico
[09/Apr/2020 08:41:47] "GET /favicon.ico HTTP/1.1" 404 2090
Not Found: /favicon.ico
[09/Apr/2020 08:41:47] "GET /favicon.ico HTTP/1.1" 404 2090
Not Found: /
[09/Apr/2020 08:41:52] "GET / HTTP/1.1" 404 2039
[09/Apr/2020 08:42:14] "GET /NoiseBudgetter/ HTTP/1.1" 200 24538
[09/Apr/2020 08:42:14] "GET /static/AdminLTE-2.4.10/bower_components/bootstrap/dist/css/font-awesome.min.css HTTP/1.1" 404 1842
[09/Apr/2020 08:42:14] "GET /static/AdminLTE-2.4.10/bower_components/bootstrap/dist/css/ionicons.min.css HTTP/1.1" 404 1830
[09/Apr/2020 08:42:14] "GET /static/AdminLTE-2.4.10/dist/css/skins/_all-skins.min.css HTTP/1.1" 200 41583
[09/Apr/2020 08:42:14] "GET /static/AdminLTE-2.4.10/bower_components/morris.js/morris.css HTTP/1.1" 200 433
[09/Apr/2020 08:42:14] "GET /static/AdminLTE-2.4.10/bower_components/bootstrap/dist/css/bootstrap.min.css HTTP/1.1" 200 121457
[09/Apr/2020 08:42:14] "GET /static/AdminLTE-2.4.10/dist/css/AdminLTE.min.css HTTP/1.1" 200 91501
[09/Apr/2020 08:42:14] "GET /static/AdminLTE-2.4.10/bower_components/bootstrap-datepicker/dist/css/bootstrap-datepicker.min.css HTTP/1.1" 200 15731
[09/Apr/2020 08:42:14] "GET /static/AdminLTE-2.4.10/bower_components/jvectormap/jquery-jvectormap.css HTTP/1.1" 200 716
[09/Apr/2020 08:42:14] "GET /static/AdminLTE-2.4.10/plugins/bootstrap-wysihtml5/bootstrap3-wysihtml5.min.css HTTP/1.1" 200 2226
[09/Apr/2020 08:42:14] "GET /static/AdminLTE-2.4.10/bower_components/bootstrap-daterangepicker/daterangepicker.css HTTP/1.1" 200 8163
[09/Apr/2020 08:42:14] "GET /static/AdminLTE-2.4.10/bower_components/jquery/dist/jquery.min.js HTTP/1.1" 304 0
[09/Apr/2020 08:42:15] "GET /static/AdminLTE-2.4.10/bower_components/jquery-ui/jquery-ui.min.js HTTP/1.1" 304 0
[09/Apr/2020 08:42:15] "GET /static/AdminLTE-2.4.10/bower_components/bootstrap/dist/js/bootstrap.min.js HTTP/1.1" 304 0
[09/Apr/2020 08:42:15] "GET /static/AdminLTE-2.4.10/bower_components/jquery-sparkline/dist/jquery.sparkline.min.js HTTP/1.1" 304 0
[09/Apr/2020 08:42:15] "GET /static/AdminLTE-2.4.10/bower_components/morris.js/morris.min.js HTTP/1.1" 304 0
[09/Apr/2020 08:42:15] "GET /static/AdminLTE-2.4.10/bower_components/raphael/raphael.min.js HTTP/1.1" 304 0
[09/Apr/2020 08:42:15] "GET /static/AdminLTE-2.4.10/plugins/jvectormap/jquery-jvectormap-1.2.2.min.js HTTP/1.1" 304 0
[09/Apr/2020 08:42:15] "GET /static/AdminLTE-2.4.10/plugins/jvectormap/jquery-jvectormap-world-mill-en.js HTTP/1.1" 304 0
[09/Apr/2020 08:42:15] "GET /static/AdminLTE-2.4.10/bower_components/bootstrap-daterangepicker/daterangepicker.js HTTP/1.1" 304 0
[09/Apr/2020 08:42:15] "GET /static/AdminLTE-2.4.10/bower_components/jquery-knob/dist/jquery.knob.min.js HTTP/1.1" 304 0
[09/Apr/2020 08:42:15] "GET /static/AdminLTE-2.4.10/bower_components/moment/min/moment.min.js HTTP/1.1" 304 0
[09/Apr/2020 08:42:15] "GET /static/AdminLTE-2.4.10/bower_components/bootstrap-datepicker/dist/js/bootstrap-datepicker.min.js HTTP/1.1" 304 0
[09/Apr/2020 08:42:15] "GET /static/AdminLTE-2.4.10/plugins/bootstrap-wysihtml5/bootstrap3-wysihtml5.all.min.js HTTP/1.1" 304 0
[09/Apr/2020 08:42:15] "GET /static/AdminLTE-2.4.10/bower_components/jquery-slimscroll/jquery.slimscroll.min.js HTTP/1.1" 304 0
[09/Apr/2020 08:42:15] "GET /static/AdminLTE-2.4.10/bower_components/fastclick/lib/fastclick.js HTTP/1.1" 304 0
[09/Apr/2020 08:42:15] "GET /static/AdminLTE-2.4.10/dist/js/adminlte.min.js HTTP/1.1" 304 0
[09/Apr/2020 08:42:15] "GET /static/AdminLTE-2.4.10/dist/js/pages/dashboard.js HTTP/1.1" 304 0
[09/Apr/2020 08:42:15] "GET /static/AdminLTE-2.4.10/dist/js/demo.js HTTP/1.1" 304 0
[09/Apr/2020 08:42:15] "GET /static/test.jpg HTTP/1.1" 304 0
[09/Apr/2020 08:42:37] "POST /NoiseBudgetter/loadfile/ HTTP/1.1" 200 49977
[09/Apr/2020 08:42:38] "GET /static/AdminLTE-2.4.10/bower_components/bootstrap/dist/css/font-awesome.min.css HTTP/1.1" 404 1842
[09/Apr/2020 08:42:38] "GET /static/AdminLTE-2.4.10/bower_components/bootstrap/dist/css/ionicons.min.css HTTP/1.1" 404 1830
[09/Apr/2020 08:42:38] "GET /static/AdminLTE-2.4.10/bower_components/bootstrap/dist/css/bootstrap.min.css HTTP/1.1" 200 121457
[09/Apr/2020 08:43:14] "POST /NoiseBudgetter/loadfile/ HTTP/1.1" 200 24771
[09/Apr/2020 08:43:14] code 400, message Bad request version ('10:40:26')
[09/Apr/2020 08:43:14] "save date,2020/03/16 10:40:26" 400 -
[09/Apr/2020 08:43:14] "GET /static/AdminLTE-2.4.10/bower_components/bootstrap/dist/css/ionicons.min.css HTTP/1.1" 404 1830
[09/Apr/2020 08:43:14] "GET /static/AdminLTE-2.4.10/dist/css/skins/_all-skins.min.css HTTP/1.1" 304 0
[09/Apr/2020 08:43:14] "GET /static/AdminLTE-2.4.10/bower_components/morris.js/morris.css HTTP/1.1" 304 0
[09/Apr/2020 08:43:14] "GET /static/AdminLTE-2.4.10/dist/css/AdminLTE.min.css HTTP/1.1" 304 0
[09/Apr/2020 08:43:14] "GET /static/AdminLTE-2.4.10/bower_components/jvectormap/jquery-jvectormap.css HTTP/1.1" 304 0
[09/Apr/2020 08:43:14] "GET /static/AdminLTE-2.4.10/bower_components/bootstrap/dist/css/font-awesome.min.css HTTP/1.1" 404 1842
[09/Apr/2020 08:43:14] "GET /static/AdminLTE-2.4.10/bower_components/bootstrap-daterangepicker/daterangepicker.css HTTP/1.1" 304 0
[09/Apr/2020 08:43:14] "GET /static/AdminLTE-2.4.10/plugins/bootstrap-wysihtml5/bootstrap3-wysihtml5.min.css HTTP/1.1" 304 0
[09/Apr/2020 08:43:14] "GET /static/AdminLTE-2.4.10/bower_components/jquery-ui/jquery-ui.min.js HTTP/1.1" 304 0
[09/Apr/2020 08:43:14] "GET /static/AdminLTE-2.4.10/bower_components/jquery/dist/jquery.min.js HTTP/1.1" 304 0
[09/Apr/2020 08:43:14] "GET /static/AdminLTE-2.4.10/bower_components/bootstrap-datepicker/dist/css/bootstrap-datepicker.min.css HTTP/1.1" 304 0
[09/Apr/2020 08:43:14] "GET /static/AdminLTE-2.4.10/bower_components/jquery-slimscroll/jquery.slimscroll.min.js HTTP/1.1" 304 0
[09/Apr/2020 08:43:14] "GET /static/AdminLTE-2.4.10/bower_components/bootstrap/dist/js/bootstrap.min.js HTTP/1.1" 304 0
[09/Apr/2020 08:43:14] "GET /static/AdminLTE-2.4.10/bower_components/raphael/raphael.min.js HTTP/1.1" 304 0
[09/Apr/2020 08:43:14] "GET /static/AdminLTE-2.4.10/bower_components/morris.js/morris.min.js HTTP/1.1" 304 0
[09/Apr/2020 08:43:14] "GET /static/AdminLTE-2.4.10/bower_components/jquery-sparkline/dist/jquery.sparkline.min.js HTTP/1.1" 304 0
[09/Apr/2020 08:43:14] "GET /static/AdminLTE-2.4.10/plugins/jvectormap/jquery-jvectormap-1.2.2.min.js HTTP/1.1" 304 0
[09/Apr/2020 08:43:14] "GET /static/AdminLTE-2.4.10/plugins/jvectormap/jquery-jvectormap-world-mill-en.js HTTP/1.1" 304 0
[09/Apr/2020 08:43:14] "GET /static/AdminLTE-2.4.10/bower_components/jquery-knob/dist/jquery.knob.min.js HTTP/1.1" 304 0
[09/Apr/2020 08:43:14] "GET /static/AdminLTE-2.4.10/bower_components/moment/min/moment.min.js HTTP/1.1" 304 0
[09/Apr/2020 08:43:14] "GET /static/AdminLTE-2.4.10/bower_components/bootstrap-daterangepicker/daterangepicker.js HTTP/1.1" 304 0
[09/Apr/2020 08:43:14] "GET /static/AdminLTE-2.4.10/bower_components/bootstrap-datepicker/dist/js/bootstrap-datepicker.min.js HTTP/1.1" 304 0
[09/Apr/2020 08:43:14] "GET /static/AdminLTE-2.4.10/bower_components/fastclick/lib/fastclick.js HTTP/1.1" 304 0
[09/Apr/2020 08:43:14] "GET /static/AdminLTE-2.4.10/plugins/bootstrap-wysihtml5/bootstrap3-wysihtml5.all.min.js HTTP/1.1" 304 0
[09/Apr/2020 08:43:14] "GET /static/AdminLTE-2.4.10/dist/js/adminlte.min.js HTTP/1.1" 304 0
[09/Apr/2020 08:43:14] "GET /static/AdminLTE-2.4.10/dist/js/pages/dashboard.js HTTP/1.1" 304 0
[09/Apr/2020 08:43:15] "GET /static/AdminLTE-2.4.10/dist/js/demo.js HTTP/1.1" 304 0
[09/Apr/2020 08:43:15] "GET /static/AdminLTE-2.4.10/bower_components/bootstrap/dist/css/bootstrap.min.css HTTP/1.1" 200 121457
[09/Apr/2020 08:43:15] "GET /static/test.jpg HTTP/1.1" 304 0
[09/Apr/2020 08:43:32] "POST /NoiseBudgetter/loadfile/ HTTP/1.1" 200 49977
[09/Apr/2020 08:43:32] "GET /static/AdminLTE-2.4.10/bower_components/bootstrap/dist/css/ionicons.min.css HTTP/1.1" 404 1830
[09/Apr/2020 08:43:32] "GET /static/AdminLTE-2.4.10/bower_components/bootstrap/dist/css/font-awesome.min.css HTTP/1.1" 404 1842
[09/Apr/2020 08:43:32] "GET /static/AdminLTE-2.4.10/bower_components/bootstrap/dist/css/bootstrap.min.css HTTP/1.1" 200 121457
[09/Apr/2020 08:44:15] "POST /NoiseBudgetter/Categorize/ HTTP/1.1" 200 43726
[09/Apr/2020 08:44:15] "GET /static/AdminLTE-2.4.10/bower_components/bootstrap/dist/css/font-awesome.min.css HTTP/1.1" 404 1842
[09/Apr/2020 08:44:15] "GET /static/AdminLTE-2.4.10/bower_components/bootstrap/dist/css/ionicons.min.css HTTP/1.1" 404 1830
[09/Apr/2020 08:44:15] "GET /static/AdminLTE-2.4.10/bower_components/bootstrap/dist/css/bootstrap.min.css HTTP/1.1" 200 121457
[09/Apr/2020 08:47:35] "GET /NoiseBudgetter/ HTTP/1.1" 200 43294
[09/Apr/2020 08:47:35] "GET /static/AdminLTE-2.4.10/bower_components/bootstrap/dist/css/font-awesome.min.css HTTP/1.1" 404 1842
[09/Apr/2020 08:47:35] "GET /static/AdminLTE-2.4.10/bower_components/bootstrap/dist/css/ionicons.min.css HTTP/1.1" 404 1830
[09/Apr/2020 08:47:35] "GET /static/AdminLTE-2.4.10/bower_components/bootstrap/dist/css/bootstrap.min.css HTTP/1.1" 200 121457
[09/Apr/2020 08:48:23] "POST /NoiseBudgetter/loadfile/ HTTP/1.1" 200 50033
[09/Apr/2020 08:48:23] "GET /static/AdminLTE-2.4.10/bower_components/bootstrap/dist/css/ionicons.min.css HTTP/1.1" 404 1830
[09/Apr/2020 08:48:23] "GET /static/AdminLTE-2.4.10/bower_components/bootstrap/dist/css/font-awesome.min.css HTTP/1.1" 404 1842
[09/Apr/2020 08:48:23] "GET /static/AdminLTE-2.4.10/bower_components/bootstrap/dist/css/bootstrap.min.css HTTP/1.1" 200 121457
[09/Apr/2020 08:51:55] "GET /NoiseBudgetter/manual/ HTTP/1.1" 302 0
[09/Apr/2020 08:51:59] "POST /NoiseBudgetter/plot_Subplot/ HTTP/1.1" 200 50921
[09/Apr/2020 08:54:22] "GET /NoiseBudgetter/manual/ HTTP/1.1" 302 0
[09/Apr/2020 08:54:25] "GET /static/AdminLTE-2.4.10/bower_components/bootstrap/dist/css/bootstrap.min.css HTTP/1.1" 200 121457
[09/Apr/2020 08:55:46] "POST /NoiseBudgetter/loadfile/ HTTP/1.1" 200 49977
[09/Apr/2020 08:55:46] "GET /static/AdminLTE-2.4.10/bower_components/bootstrap/dist/css/font-awesome.min.css HTTP/1.1" 404 1842
[09/Apr/2020 08:55:46] "GET /static/AdminLTE-2.4.10/bower_components/bootstrap/dist/css/ionicons.min.css HTTP/1.1" 404 1830
[09/Apr/2020 08:56:57] "POST /NoiseBudgetter/plot/ HTTP/1.1" 200 50195
[09/Apr/2020 08:56:57] "GET /static/AdminLTE-2.4.10/bower_components/bootstrap/dist/css/font-awesome.min.css HTTP/1.1" 404 1842
[09/Apr/2020 08:56:57] "GET /static/AdminLTE-2.4.10/bower_components/bootstrap/dist/css/ionicons.min.css HTTP/1.1" 404 1830
[09/Apr/2020 08:56:57] "GET /static/result1.png HTTP/1.1" 304 0
[09/Apr/2020 08:57:13] "POST /NoiseBudgetter/plot_Subplot/ HTTP/1.1" 200 50195
[09/Apr/2020 08:57:13] "GET /static/AdminLTE-2.4.10/bower_components/bootstrap/dist/css/ionicons.min.css HTTP/1.1" 404 1830
[09/Apr/2020 08:57:13] "GET /static/AdminLTE-2.4.10/bower_components/bootstrap/dist/css/font-awesome.min.css HTTP/1.1" 404 1842
[09/Apr/2020 08:57:35] "POST /NoiseBudgetter/plot/ HTTP/1.1" 200 50195
[09/Apr/2020 08:57:35] "GET /static/AdminLTE-2.4.10/bower_components/bootstrap/dist/css/ionicons.min.css HTTP/1.1" 404 1830
[09/Apr/2020 08:57:35] "GET /static/AdminLTE-2.4.10/bower_components/bootstrap/dist/css/font-awesome.min.css HTTP/1.1" 404 1842
[09/Apr/2020 08:57:43] "GET /NoiseBudgetter/New/ HTTP/1.1" 200 24538
[09/Apr/2020 08:57:44] "GET /static/AdminLTE-2.4.10/bower_components/bootstrap/dist/css/font-awesome.min.css HTTP/1.1" 404 1842
[09/Apr/2020 08:57:44] "GET /static/AdminLTE-2.4.10/bower_components/bootstrap/dist/css/ionicons.min.css HTTP/1.1" 404 1830
[09/Apr/2020 08:57:44] "GET /static/AdminLTE-2.4.10/bower_components/bootstrap/dist/css/bootstrap.min.css HTTP/1.1" 200 121457
[09/Apr/2020 08:58:21] "POST /NoiseBudgetter/plot/ HTTP/1.1" 200 24706
[09/Apr/2020 08:58:21] "GET /static/AdminLTE-2.4.10/bower_components/bootstrap/dist/css/font-awesome.min.css HTTP/1.1" 404 1842
[09/Apr/2020 08:58:21] "GET /static/AdminLTE-2.4.10/bower_components/bootstrap/dist/css/ionicons.min.css HTTP/1.1" 404 1830
[09/Apr/2020 08:58:22] "GET /static/AdminLTE-2.4.10/bower_components/bootstrap/dist/css/bootstrap.min.css HTTP/1.1" 200 121457
[09/Apr/2020 08:58:22] "GET /static/result202.png HTTP/1.1" 200 44405
[09/Apr/2020 08:58:38] "POST /NoiseBudgetter/loadfile/ HTTP/1.1" 200 49977
[09/Apr/2020 08:58:38] "GET /static/AdminLTE-2.4.10/bower_components/bootstrap/dist/css/font-awesome.min.css HTTP/1.1" 404 1842
[09/Apr/2020 08:58:38] "GET /static/AdminLTE-2.4.10/bower_components/bootstrap/dist/css/ionicons.min.css HTTP/1.1" 404 1830
[09/Apr/2020 08:58:39] "GET /static/AdminLTE-2.4.10/bower_components/bootstrap/dist/css/bootstrap.min.css HTTP/1.1" 200 121457
[09/Apr/2020 08:59:00] "POST /NoiseBudgetter/loadfile/ HTTP/1.1" 200 50033
[09/Apr/2020 08:59:01] "GET /static/AdminLTE-2.4.10/bower_components/bootstrap/dist/css/ionicons.min.css HTTP/1.1" 404 1830
[09/Apr/2020 08:59:01] "GET /static/AdminLTE-2.4.10/bower_components/bootstrap/dist/css/font-awesome.min.css HTTP/1.1" 404 1842
[09/Apr/2020 08:59:01] "GET /static/AdminLTE-2.4.10/bower_components/bootstrap/dist/css/bootstrap.min.css HTTP/1.1" 200 121457
[09/Apr/2020 08:59:11] "POST /NoiseBudgetter/plot/ HTTP/1.1" 200 50255
[09/Apr/2020 08:59:11] "GET /static/AdminLTE-2.4.10/bower_components/bootstrap/dist/css/font-awesome.min.css HTTP/1.1" 404 1842
[09/Apr/2020 08:59:11] "GET /static/AdminLTE-2.4.10/bower_components/bootstrap/dist/css/ionicons.min.css HTTP/1.1" 404 1830
[09/Apr/2020 08:59:11] "GET /static/AdminLTE-2.4.10/bower_components/bootstrap/dist/css/bootstrap.min.css HTTP/1.1" 200 121457
[09/Apr/2020 08:59:11] "GET /static/result202.png HTTP/1.1" 304 0
[09/Apr/2020 09:01:04] "POST /NoiseBudgetter/loadfile/ HTTP/1.1" 200 40873
[09/Apr/2020 09:01:05] "GET /static/AdminLTE-2.4.10/bower_components/bootstrap/dist/css/ionicons.min.css HTTP/1.1" 404 1830
[09/Apr/2020 09:01:05] "GET /static/AdminLTE-2.4.10/bower_components/bootstrap/dist/css/font-awesome.min.css HTTP/1.1" 404 1842
[09/Apr/2020 09:01:05] "GET /static/AdminLTE-2.4.10/bower_components/bootstrap/dist/css/bootstrap.min.css HTTP/1.1" 200 121457
[09/Apr/2020 09:01:12] "POST /NoiseBudgetter/plot/ HTTP/1.1" 200 41095
[09/Apr/2020 09:01:12] "GET /static/AdminLTE-2.4.10/bower_components/bootstrap/dist/css/font-awesome.min.css HTTP/1.1" 404 1842
[09/Apr/2020 09:01:12] "GET /static/AdminLTE-2.4.10/bower_components/bootstrap/dist/css/ionicons.min.css HTTP/1.1" 404 1830
[09/Apr/2020 09:01:12] "GET /static/AdminLTE-2.4.10/bower_components/bootstrap/dist/css/bootstrap.min.css HTTP/1.1" 200 121457
[09/Apr/2020 09:01:12] "GET /static/result202.png HTTP/1.1" 304 0
/kagra/Dropbox/Personal/Shoda/src/AppTest/lib/NBplotter.py:1: RuntimeWarning: divide by zero encountered in true_divide
  import os
[09/Apr/2020 09:02:29] "POST /NoiseBudgetter/plot/ HTTP/1.1" 200 50202
[09/Apr/2020 09:03:23] "POST /NoiseBudgetter/loadfile/ HTTP/1.1" 200 40873
[09/Apr/2020 09:03:23] "GET /static/AdminLTE-2.4.10/bower_components/bootstrap/dist/css/font-awesome.min.css HTTP/1.1" 404 1842
[09/Apr/2020 09:03:23] "GET /static/AdminLTE-2.4.10/bower_components/bootstrap/dist/css/ionicons.min.css HTTP/1.1" 404 1830
[09/Apr/2020 09:35:10] "GET /NoiseBudgetter/manual/ HTTP/1.1" 302 0
/kagra/Dropbox/Personal/Shoda/src/AppTest/lib/NBplotter.py:1: RuntimeWarning: divide by zero encountered in true_divide
  import os
[09/Apr/2020 09:41:21] "POST /NoiseBudgetter/plot/ HTTP/1.1" 200 50200
ERRNO: read_server_response_wait: Timed out: errno: 62 - Timer expired/kagra/Dropbox/Personal/Shoda/src/AppTest/lib/NBplotter.py:1: RuntimeWarning: divide by zero encountered in true_divide
  import os
[09/Apr/2020 09:46:55] "POST /NoiseBudgetter/plot/ HTTP/1.1" 200 50247
/kagra/Dropbox/Personal/Shoda/src/AppTest/lib/NBplotter.py:1: RuntimeWarning: divide by zero encountered in true_divide
  import os
[09/Apr/2020 09:49:19] "POST /NoiseBudgetter/plot/ HTTP/1.1" 200 50204
[09/Apr/2020 12:28:03] "GET /NoiseBudgetter/ HTTP/1.1" 200 24538
[09/Apr/2020 12:28:03] "GET /static/AdminLTE-2.4.10/bower_components/bootstrap/dist/css/ionicons.min.css HTTP/1.1" 404 1830
[09/Apr/2020 12:28:03] "GET /static/AdminLTE-2.4.10/bower_components/bootstrap/dist/css/font-awesome.min.css HTTP/1.1" 404 1842
[09/Apr/2020 12:28:03] "GET /static/AdminLTE-2.4.10/bower_components/morris.js/morris.css HTTP/1.1" 200 433
[09/Apr/2020 12:28:03] "GET /static/AdminLTE-2.4.10/bower_components/bootstrap/dist/css/bootstrap.min.css HTTP/1.1" 200 121457
[09/Apr/2020 12:28:03] "GET /static/AdminLTE-2.4.10/dist/css/AdminLTE.min.css HTTP/1.1" 200 91501
[09/Apr/2020 12:28:03] "GET /static/AdminLTE-2.4.10/bower_components/jvectormap/jquery-jvectormap.css HTTP/1.1" 200 716
[09/Apr/2020 12:28:03] "GET /static/AdminLTE-2.4.10/plugins/bootstrap-wysihtml5/bootstrap3-wysihtml5.min.css HTTP/1.1" 200 2226
[09/Apr/2020 12:28:03] "GET /static/AdminLTE-2.4.10/dist/css/skins/_all-skins.min.css HTTP/1.1" 200 41583
[09/Apr/2020 12:28:03] "GET /static/AdminLTE-2.4.10/bower_components/bootstrap-datepicker/dist/css/bootstrap-datepicker.min.css HTTP/1.1" 200 15731
[09/Apr/2020 12:28:03] "GET /static/AdminLTE-2.4.10/bower_components/bootstrap-daterangepicker/daterangepicker.css HTTP/1.1" 200 8163
[09/Apr/2020 12:28:03] "GET /static/AdminLTE-2.4.10/bower_components/morris.js/morris.min.js HTTP/1.1" 200 35652
[09/Apr/2020 12:28:03] "GET /static/AdminLTE-2.4.10/bower_components/jquery-sparkline/dist/jquery.sparkline.min.js HTTP/1.1" 200 62647
[09/Apr/2020 12:28:03] "GET /static/AdminLTE-2.4.10/bower_components/jquery/dist/jquery.min.js HTTP/1.1" 200 86927
[09/Apr/2020 12:28:03] "GET /static/AdminLTE-2.4.10/bower_components/bootstrap/dist/js/bootstrap.min.js HTTP/1.1" 200 39680
[09/Apr/2020 12:28:03] "GET /static/AdminLTE-2.4.10/bower_components/raphael/raphael.min.js HTTP/1.1" 200 93251
[09/Apr/2020 12:28:03] "GET /static/AdminLTE-2.4.10/bower_components/jquery-knob/dist/jquery.knob.min.js HTTP/1.1" 200 10804
[09/Apr/2020 12:28:03] "GET /static/AdminLTE-2.4.10/plugins/jvectormap/jquery-jvectormap-1.2.2.min.js HTTP/1.1" 200 33323
[09/Apr/2020 12:28:03] "GET /static/AdminLTE-2.4.10/plugins/jvectormap/jquery-jvectormap-world-mill-en.js HTTP/1.1" 200 144313
[09/Apr/2020 12:28:03] "GET /static/AdminLTE-2.4.10/bower_components/moment/min/moment.min.js HTTP/1.1" 200 53324
[09/Apr/2020 12:28:03] "GET /static/AdminLTE-2.4.10/bower_components/bootstrap-daterangepicker/daterangepicker.js HTTP/1.1" 200 71115
[09/Apr/2020 12:28:03] "GET /static/AdminLTE-2.4.10/bower_components/bootstrap-datepicker/dist/js/bootstrap-datepicker.min.js HTTP/1.1" 200 33599
[09/Apr/2020 12:28:03] "GET /static/AdminLTE-2.4.10/bower_components/jquery-slimscroll/jquery.slimscroll.min.js HTTP/1.1" 200 4724
[09/Apr/2020 12:28:03] "GET /static/AdminLTE-2.4.10/bower_components/jquery-ui/jquery-ui.min.js HTTP/1.1" 200 240427
[09/Apr/2020 12:28:03] "GET /static/AdminLTE-2.4.10/plugins/bootstrap-wysihtml5/bootstrap3-wysihtml5.all.min.js HTTP/1.1" 200 210932
[09/Apr/2020 12:28:03] "GET /static/AdminLTE-2.4.10/dist/js/demo.js HTTP/1.1" 200 18608
[09/Apr/2020 12:28:03] "GET /static/AdminLTE-2.4.10/dist/js/adminlte.min.js HTTP/1.1" 200 14717
[09/Apr/2020 12:28:03] "GET /static/AdminLTE-2.4.10/dist/js/pages/dashboard.js HTTP/1.1" 200 6064
[09/Apr/2020 12:28:03] "GET /static/AdminLTE-2.4.10/bower_components/fastclick/lib/fastclick.js HTTP/1.1" 200 25965
[09/Apr/2020 12:28:03] "GET /static/test.jpg HTTP/1.1" 200 270966
Not Found: /favicon.ico
[09/Apr/2020 12:28:04] "GET /favicon.ico HTTP/1.1" 404 2090
Not Found: /favicon.ico
[09/Apr/2020 12:28:04] "GET /favicon.ico HTTP/1.1" 404 2090
[09/Apr/2020 12:28:11] "GET /NoiseBudgetter/New/ HTTP/1.1" 200 24538
[09/Apr/2020 12:28:11] "GET /static/AdminLTE-2.4.10/bower_components/morris.js/morris.css HTTP/1.1" 200 433
[09/Apr/2020 12:28:11] "GET /static/AdminLTE-2.4.10/bower_components/bootstrap/dist/css/font-awesome.min.css HTTP/1.1" 404 1842
[09/Apr/2020 12:28:11] "GET /static/AdminLTE-2.4.10/bower_components/bootstrap/dist/css/ionicons.min.css HTTP/1.1" 404 1830
[09/Apr/2020 12:28:11] "GET /static/AdminLTE-2.4.10/dist/css/skins/_all-skins.min.css HTTP/1.1" 200 41583
[09/Apr/2020 12:29:29] "POST /NoiseBudgetter/plot/ HTTP/1.1" 200 24812
[09/Apr/2020 12:29:29] "GET /static/result203.png HTTP/1.1" 404 1665
[09/Apr/2020 12:29:29] "GET /static/AdminLTE-2.4.10/bower_components/bootstrap/dist/css/font-awesome.min.css HTTP/1.1" 404 1842
[09/Apr/2020 12:29:29] "GET /static/AdminLTE-2.4.10/bower_components/bootstrap/dist/css/ionicons.min.css HTTP/1.1" 404 1830
[09/Apr/2020 12:29:29] "GET /static/result203.png HTTP/1.1" 404 1665
[09/Apr/2020 12:30:04] "POST /NoiseBudgetter/plot/ HTTP/1.1" 200 24812
[09/Apr/2020 12:30:04] "GET /static/AdminLTE-2.4.10/bower_components/bootstrap/dist/css/font-awesome.min.css HTTP/1.1" 404 1842
[09/Apr/2020 12:30:04] "GET /static/AdminLTE-2.4.10/bower_components/bootstrap/dist/css/ionicons.min.css HTTP/1.1" 404 1830
[09/Apr/2020 12:30:04] "GET /static/result203.png HTTP/1.1" 404 1665
[09/Apr/2020 12:30:04] "GET /static/result203.png HTTP/1.1" 404 1665
[09/Apr/2020 12:30:28] "POST /NoiseBudgetter/plot/ HTTP/1.1" 200 24812
[09/Apr/2020 12:30:29] "GET /static/AdminLTE-2.4.10/bower_components/bootstrap/dist/css/font-awesome.min.css HTTP/1.1" 404 1842
[09/Apr/2020 12:30:29] "GET /static/AdminLTE-2.4.10/bower_components/bootstrap/dist/css/ionicons.min.css HTTP/1.1" 404 1830
[09/Apr/2020 12:30:29] "GET /static/result203.png HTTP/1.1" 404 1665
[09/Apr/2020 12:30:29] "GET /static/result203.png HTTP/1.1" 404 1665
[09/Apr/2020 12:31:38] "GET /NoiseBudgetter/ HTTP/1.1" 200 24739
[09/Apr/2020 12:31:38] "GET /static/AdminLTE-2.4.10/bower_components/bootstrap/dist/css/font-awesome.min.css HTTP/1.1" 404 1842
[09/Apr/2020 12:31:38] "GET /static/AdminLTE-2.4.10/bower_components/bootstrap/dist/css/ionicons.min.css HTTP/1.1" 404 1830
[09/Apr/2020 12:31:38] "GET /static/result203.png HTTP/1.1" 404 1665
[09/Apr/2020 12:31:38] "GET /static/result203.png HTTP/1.1" 404 1665
[09/Apr/2020 12:31:53] "POST /NoiseBudgetter/loadfile/ HTTP/1.1" 200 49977
[09/Apr/2020 12:31:53] "GET /static/AdminLTE-2.4.10/bower_components/bootstrap/dist/css/font-awesome.min.css HTTP/1.1" 404 1842
[09/Apr/2020 12:31:53] "GET /static/AdminLTE-2.4.10/bower_components/bootstrap/dist/css/ionicons.min.css HTTP/1.1" 404 1830
[09/Apr/2020 12:32:04] "POST /NoiseBudgetter/plot_Subplot/ HTTP/1.1" 200 50199
[09/Apr/2020 12:32:04] "GET /static/AdminLTE-2.4.10/bower_components/bootstrap/dist/css/font-awesome.min.css HTTP/1.1" 404 1842
[09/Apr/2020 12:32:04] "GET /static/AdminLTE-2.4.10/bower_components/bootstrap/dist/css/ionicons.min.css HTTP/1.1" 404 1830
[09/Apr/2020 12:32:04] "GET /static/result203.png HTTP/1.1" 404 1665
[09/Apr/2020 12:32:05] "GET /static/result203.png HTTP/1.1" 404 1665
[09/Apr/2020 12:34:41] "POST /NoiseBudgetter/plot/ HTTP/1.1" 200 50199
[09/Apr/2020 12:34:41] "GET /static/AdminLTE-2.4.10/bower_components/bootstrap/dist/css/font-awesome.min.css HTTP/1.1" 404 1842
[09/Apr/2020 12:34:41] "GET /static/AdminLTE-2.4.10/bower_components/bootstrap/dist/css/ionicons.min.css HTTP/1.1" 404 1830
[09/Apr/2020 12:34:41] "GET /static/result203.png HTTP/1.1" 404 1665
[09/Apr/2020 12:34:41] "GET /static/result203.png HTTP/1.1" 404 1665
[09/Apr/2020 12:35:24] "GET /NoiseBudgetter/New/ HTTP/1.1" 200 24538
[09/Apr/2020 12:35:24] "GET /static/AdminLTE-2.4.10/bower_components/bootstrap/dist/css/ionicons.min.css HTTP/1.1" 404 1830
[09/Apr/2020 12:35:24] "GET /static/AdminLTE-2.4.10/bower_components/bootstrap/dist/css/font-awesome.min.css HTTP/1.1" 404 1842
[09/Apr/2020 12:36:16] "POST /NoiseBudgetter/plot/ HTTP/1.1" 200 24721
[09/Apr/2020 12:36:16] "GET /static/AdminLTE-2.4.10/bower_components/bootstrap/dist/css/ionicons.min.css HTTP/1.1" 404 1830
[09/Apr/2020 12:36:16] "GET /static/AdminLTE-2.4.10/bower_components/bootstrap/dist/css/font-awesome.min.css HTTP/1.1" 404 1842
[09/Apr/2020 12:36:16] "GET /static/result304.png HTTP/1.1" 200 49777
[09/Apr/2020 12:36:52] "POST /NoiseBudgetter/loadfile/ HTTP/1.1" 200 40873
[09/Apr/2020 12:36:53] "GET /static/AdminLTE-2.4.10/bower_components/bootstrap/dist/css/font-awesome.min.css HTTP/1.1" 404 1842
[09/Apr/2020 12:36:53] "GET /static/AdminLTE-2.4.10/bower_components/bootstrap/dist/css/ionicons.min.css HTTP/1.1" 404 1830
[09/Apr/2020 12:37:03] "POST /NoiseBudgetter/plot/ HTTP/1.1" 200 41095
[09/Apr/2020 12:37:03] "GET /static/AdminLTE-2.4.10/bower_components/bootstrap/dist/css/font-awesome.min.css HTTP/1.1" 404 1842
[09/Apr/2020 12:37:03] "GET /static/AdminLTE-2.4.10/bower_components/bootstrap/dist/css/ionicons.min.css HTTP/1.1" 404 1830
[09/Apr/2020 12:37:03] "GET /static/result304.png HTTP/1.1" 304 0
[09/Apr/2020 12:39:27] "POST /NoiseBudgetter/Categorize/ HTTP/1.1" 200 34632
[09/Apr/2020 12:39:27] "GET /static/AdminLTE-2.4.10/bower_components/bootstrap/dist/css/ionicons.min.css HTTP/1.1" 404 1830
[09/Apr/2020 12:39:27] "GET /static/AdminLTE-2.4.10/bower_components/bootstrap/dist/css/font-awesome.min.css HTTP/1.1" 404 1842
[09/Apr/2020 12:39:27] "GET /static/result304.png HTTP/1.1" 304 0
[09/Apr/2020 12:39:31] "POST /NoiseBudgetter/plot/ HTTP/1.1" 200 34459
[09/Apr/2020 12:39:31] "GET /static/AdminLTE-2.4.10/bower_components/bootstrap/dist/css/font-awesome.min.css HTTP/1.1" 404 1842
[09/Apr/2020 12:39:31] "GET /static/AdminLTE-2.4.10/bower_components/bootstrap/dist/css/ionicons.min.css HTTP/1.1" 404 1830
[09/Apr/2020 12:42:17] "GET /NoiseBudgetter/ HTTP/1.1" 200 34386
[09/Apr/2020 12:42:17] "GET /static/AdminLTE-2.4.10/bower_components/bootstrap/dist/css/font-awesome.min.css HTTP/1.1" 404 1842
[09/Apr/2020 12:42:17] "GET /static/AdminLTE-2.4.10/bower_components/bootstrap/dist/css/ionicons.min.css HTTP/1.1" 404 1830
[09/Apr/2020 12:42:17] "GET /static/result304.png HTTP/1.1" 200 49777
[09/Apr/2020 12:42:43] "POST /NoiseBudgetter/UnCategorize/ HTTP/1.1" 200 41053
[09/Apr/2020 12:42:43] "GET /static/AdminLTE-2.4.10/bower_components/bootstrap/dist/css/font-awesome.min.css HTTP/1.1" 404 1842
[09/Apr/2020 12:42:43] "GET /static/AdminLTE-2.4.10/bower_components/bootstrap/dist/css/ionicons.min.css HTTP/1.1" 404 1830
[09/Apr/2020 12:42:43] "GET /static/result304.png HTTP/1.1" 304 0
[09/Apr/2020 12:42:58] "GET /NoiseBudgetter/savefile/ HTTP/1.1" 200 1601
[09/Apr/2020 12:44:00] "GET /NoiseBudgetter/savefile/ HTTP/1.1" 200 1601
[09/Apr/2020 12:45:58] "POST /NoiseBudgetter/loadfile/ HTTP/1.1" 200 40873
[09/Apr/2020 12:45:58] "GET /static/AdminLTE-2.4.10/bower_components/bootstrap/dist/css/ionicons.min.css HTTP/1.1" 404 1830
[09/Apr/2020 12:45:58] "GET /static/AdminLTE-2.4.10/bower_components/bootstrap/dist/css/font-awesome.min.css HTTP/1.1" 404 1842
[09/Apr/2020 12:46:07] "POST /NoiseBudgetter/plot/ HTTP/1.1" 200 41095
[09/Apr/2020 12:46:07] "GET /static/AdminLTE-2.4.10/bower_components/bootstrap/dist/css/font-awesome.min.css HTTP/1.1" 404 1842
[09/Apr/2020 12:46:07] "GET /static/AdminLTE-2.4.10/bower_components/bootstrap/dist/css/ionicons.min.css HTTP/1.1" 404 1830
[09/Apr/2020 12:46:07] "GET /static/result304.png HTTP/1.1" 200 49777
[09/Apr/2020 12:47:19] "GET /NoiseBudgetter/manual/ HTTP/1.1" 302 0
[09/Apr/2020 14:53:46] "POST /NoiseBudgetter/loadfile/ HTTP/1.1" 200 49977
[09/Apr/2020 14:53:46] "GET /static/AdminLTE-2.4.10/bower_components/bootstrap/dist/css/font-awesome.min.css HTTP/1.1" 404 1842
[09/Apr/2020 14:53:46] "GET /static/AdminLTE-2.4.10/bower_components/bootstrap/dist/css/ionicons.min.css HTTP/1.1" 404 1830
/kagra/Dropbox/Personal/Shoda/src/AppTest/lib/NBplotter.py:1: RuntimeWarning: divide by zero encountered in true_divide
  import os
[09/Apr/2020 16:23:44] "POST /NoiseBudgetter/plot/ HTTP/1.1" 200 50152
[09/Apr/2020 16:23:44] "GET /static/AdminLTE-2.4.10/bower_components/bootstrap/dist/css/ionicons.min.css HTTP/1.1" 404 1830
[09/Apr/2020 16:23:44] "GET /static/AdminLTE-2.4.10/bower_components/bootstrap/dist/css/font-awesome.min.css HTTP/1.1" 404 1842
[09/Apr/2020 16:23:44] "GET /static/result304.png HTTP/1.1" 200 145285
[10/Apr/2020 07:43:49] "POST /NoiseBudgetter/loadfile/ HTTP/1.1" 200 50033
[10/Apr/2020 07:43:49] "GET /static/AdminLTE-2.4.10/bower_components/bootstrap/dist/css/font-awesome.min.css HTTP/1.1" 404 1842
[10/Apr/2020 07:43:49] "GET /static/AdminLTE-2.4.10/bower_components/bootstrap/dist/css/ionicons.min.css HTTP/1.1" 404 1830
[10/Apr/2020 07:43:59] "POST /NoiseBudgetter/plot/ HTTP/1.1" 200 50255
[10/Apr/2020 07:43:59] "GET /static/AdminLTE-2.4.10/bower_components/bootstrap/dist/css/font-awesome.min.css HTTP/1.1" 404 1842
[10/Apr/2020 07:43:59] "GET /static/AdminLTE-2.4.10/bower_components/bootstrap/dist/css/ionicons.min.css HTTP/1.1" 404 1830
[10/Apr/2020 07:43:59] "GET /static/result304.png HTTP/1.1" 200 145285
/kagra/Dropbox/Personal/Shoda/src/AppTest/lib/NBplotter.py:1: RuntimeWarning: divide by zero encountered in true_divide
  import os
[10/Apr/2020 08:01:28] "POST /NoiseBudgetter/plot/ HTTP/1.1" 200 50208
[10/Apr/2020 08:01:28] "GET /static/AdminLTE-2.4.10/bower_components/bootstrap/dist/css/font-awesome.min.css HTTP/1.1" 404 1842
[10/Apr/2020 08:01:28] "GET /static/AdminLTE-2.4.10/bower_components/bootstrap/dist/css/ionicons.min.css HTTP/1.1" 404 1830
